0 info it worked if it ends with ok
1 verbose cli [ '/usr/local/Cellar/nvm/0.25.3/versions/node/v5.7.0/bin/node',
1 verbose cli   '/usr/local/opt/nvm/versions/node/v5.7.0/bin/npm',
1 verbose cli   'run-script',
1 verbose cli   'coverage' ]
2 info using npm@3.6.0
3 info using node@v5.7.0
4 verbose run-script [ 'precoverage', 'coverage', 'postcoverage' ]
5 info lifecycle handlebars-idom@0.0.1~precoverage: handlebars-idom@0.0.1
6 silly lifecycle handlebars-idom@0.0.1~precoverage: no script for precoverage, continuing
7 info lifecycle handlebars-idom@0.0.1~coverage: handlebars-idom@0.0.1
8 verbose lifecycle handlebars-idom@0.0.1~coverage: unsafe-perm in lifecycle true
9 verbose lifecycle handlebars-idom@0.0.1~coverage: PATH: /usr/local/Cellar/nvm/0.25.3/versions/node/v5.7.0/lib/node_modules/npm/bin/node-gyp-bin:/Users/andrewhumphreys/Documents/home/handlebars-idom/node_modules/.bin:/usr/local/opt/nvm/versions/node/v5.7.0/bin:/usr/local/heroku/bin:/usr/bin:/bin:/usr/sbin:/sbin:/usr/local/bin
10 verbose lifecycle handlebars-idom@0.0.1~coverage: CWD: /Users/andrewhumphreys/Documents/home/handlebars-idom
11 silly lifecycle handlebars-idom@0.0.1~coverage: Args: [ '-c', 'NODE_ENV=build gulp coveralls' ]
12 silly lifecycle handlebars-idom@0.0.1~coverage: Returned: code: 7  signal: null
13 info lifecycle handlebars-idom@0.0.1~coverage: Failed to exec coverage script
14 verbose stack Error: handlebars-idom@0.0.1 coverage: `NODE_ENV=build gulp coveralls`
14 verbose stack Exit status 7
14 verbose stack     at EventEmitter.<anonymous> (/usr/local/Cellar/nvm/0.25.3/versions/node/v5.7.0/lib/node_modules/npm/lib/utils/lifecycle.js:232:16)
14 verbose stack     at emitTwo (events.js:100:13)
14 verbose stack     at EventEmitter.emit (events.js:185:7)
14 verbose stack     at ChildProcess.<anonymous> (/usr/local/Cellar/nvm/0.25.3/versions/node/v5.7.0/lib/node_modules/npm/lib/utils/spawn.js:24:14)
14 verbose stack     at emitTwo (events.js:100:13)
14 verbose stack     at ChildProcess.emit (events.js:185:7)
14 verbose stack     at maybeClose (internal/child_process.js:827:16)
14 verbose stack     at Process.ChildProcess._handle.onexit (internal/child_process.js:211:5)
15 verbose pkgid handlebars-idom@0.0.1
16 verbose cwd /Users/andrewhumphreys/Documents/home/handlebars-idom
17 error Darwin 15.2.0
18 error argv "/usr/local/Cellar/nvm/0.25.3/versions/node/v5.7.0/bin/node" "/usr/local/opt/nvm/versions/node/v5.7.0/bin/npm" "run-script" "coverage"
19 error node v5.7.0
20 error npm  v3.6.0
21 error code ELIFECYCLE
22 error handlebars-idom@0.0.1 coverage: `NODE_ENV=build gulp coveralls`
22 error Exit status 7
23 error Failed at the handlebars-idom@0.0.1 coverage script 'NODE_ENV=build gulp coveralls'.
23 error Make sure you have the latest version of node.js and npm installed.
23 error If you do, this is most likely a problem with the handlebars-idom package,
23 error not with npm itself.
23 error Tell the author that this fails on your system:
23 error     NODE_ENV=build gulp coveralls
23 error You can get information on how to open an issue for this project with:
23 error     npm bugs handlebars-idom
23 error Or if that isn't available, you can get their info via:
23 error     npm owner ls handlebars-idom
23 error There is likely additional logging output above.
24 verbose exit [ 1, true ]
